Removed Pin From Net: NetName=PB12 Pin=J6-11
Removed Pin From Net: NetName=NetJ1_2 Pin=U1-25
Removed Pin From Net: NetName=NetR3_1 Pin=U1-26
Removed Pin From Net: NetName=NetJ2_2 Pin=U1-27
Removed Pin From Net: NetName=NetR4_1 Pin=U1-28
Removed Pin From Net: NetName=NetJ3_2 Pin=U1-29
Removed Pin From Net: NetName=NetR5_1 Pin=U1-30
Removed Pin From Net: NetName=NetJ4_2 Pin=U1-31
Removed Pin From Net: NetName=NetR6_1 Pin=U1-32
Added Component: Designator=J7(JMP)
Added Component: Designator=J8(JMP)
Added Component: Designator=J9(JMP)
Added Pin To Net: NetName=GND Pin=J5-1
Added Pin To Net: NetName=GND Pin=J5-2
Added Pin To Net: NetName=+3V3_2 Pin=J5-3
Added Pin To Net: NetName=VBAT Pin=J5-20
Added Pin To Net: NetName=+3V3_1 Pin=J6-1
Added Pin To Net: NetName=GND Pin=J6-2
Added Pin To Net: NetName=+5 Pin=J6-3
Added Pin To Net: NetName=PB12 Pin=J6-20
Added Pin To Net: NetName=CAN_RX Pin=J8-1
Added Net: Name=CAN_RX
Added Pin To Net: NetName=CAN_STB Pin=J7-1
Added Net: Name=CAN_STB
Added Pin To Net: NetName=CAN_TX Pin=J9-1
Added Net: Name=CAN_TX
Added Pin To Net: NetName=NRST Pin=J5-4
Added Pin To Net: NetName=NRST Pin=U1-37
Added Net: Name=NRST
Added Pin To Net: NetName=PA0 Pin=J5-16
Added Pin To Net: NetName=PA0 Pin=U1-25
Added Net: Name=PA0
Added Pin To Net: NetName=PA1 Pin=J5-15
Added Pin To Net: NetName=PA1 Pin=U1-26
Added Net: Name=PA1
Added Pin To Net: NetName=PA2 Pin=J5-14
Added Pin To Net: NetName=PA2 Pin=U1-27
Added Net: Name=PA2
Added Pin To Net: NetName=PA3 Pin=J5-13
Added Pin To Net: NetName=PA3 Pin=U1-28
Added Net: Name=PA3
Added Pin To Net: NetName=PA4 Pin=J5-12
Added Pin To Net: NetName=PA4 Pin=U1-29
Added Net: Name=PA4
Added Pin To Net: NetName=PA5 Pin=J5-11
Added Pin To Net: NetName=PA5 Pin=U1-30
Added Net: Name=PA5
Added Pin To Net: NetName=PA6 Pin=J5-10
Added Pin To Net: NetName=PA6 Pin=U1-31
Added Net: Name=PA6
Added Pin To Net: NetName=PA7 Pin=J5-9
Added Pin To Net: NetName=PA7 Pin=U1-32
Added Net: Name=PA7
Added Pin To Net: NetName=PA8 Pin=J6-16
Added Pin To Net: NetName=PA8 Pin=U1-5
Added Net: Name=PA8
Added Pin To Net: NetName=PA9 Pin=J6-15
Added Pin To Net: NetName=PA9 Pin=U1-6
Added Net: Name=PA9
Added Pin To Net: NetName=PA10 Pin=J6-14
Added Pin To Net: NetName=PA10 Pin=U1-7
Added Net: Name=PA10
Added Pin To Net: NetName=PA11 Pin=J6-13
Added Pin To Net: NetName=PA11 Pin=U1-8
Added Net: Name=PA11
Added Pin To Net: NetName=PA12 Pin=J6-12
Added Pin To Net: NetName=PA12 Pin=U1-9
Added Net: Name=PA12
Added Pin To Net: NetName=PA15 Pin=J6-11
Added Pin To Net: NetName=PA15 Pin=U1-10
Added Net: Name=PA15
Added Pin To Net: NetName=PB0 Pin=J5-8
Added Pin To Net: NetName=PB0 Pin=U1-33
Added Net: Name=PB0
Added Pin To Net: NetName=PB1 Pin=J5-7
Added Pin To Net: NetName=PB1 Pin=U1-34
Added Net: Name=PB1
Added Pin To Net: NetName=PB3 Pin=J6-10
Added Pin To Net: NetName=PB3 Pin=U1-11
Added Net: Name=PB3
Added Pin To Net: NetName=PB4 Pin=J6-9
Added Pin To Net: NetName=PB4 Pin=J7-2
Added Pin To Net: NetName=PB4 Pin=U1-12
Added Net: Name=PB4
Added Pin To Net: NetName=PB5 Pin=J6-8
Added Pin To Net: NetName=PB5 Pin=U1-13
Added Net: Name=PB5
Added Pin To Net: NetName=PB6 Pin=J6-7
Added Pin To Net: NetName=PB6 Pin=U1-14
Added Net: Name=PB6
Added Pin To Net: NetName=PB7 Pin=J6-6
Added Pin To Net: NetName=PB7 Pin=U1-15
Added Net: Name=PB7
Added Pin To Net: NetName=PB8 Pin=J6-5
Added Pin To Net: NetName=PB8 Pin=J8-2
Added Pin To Net: NetName=PB8 Pin=U1-16
Added Net: Name=PB8
Added Pin To Net: NetName=PB9 Pin=J6-4
Added Pin To Net: NetName=PB9 Pin=J9-2
Added Pin To Net: NetName=PB9 Pin=U1-17
Added Net: Name=PB9
Added Pin To Net: NetName=PB10 Pin=J5-6
Added Pin To Net: NetName=PB10 Pin=U1-35
Added Net: Name=PB10
Added Pin To Net: NetName=PB11 Pin=J5-5
Added Pin To Net: NetName=PB11 Pin=U1-36
Added Net: Name=PB11
Added Pin To Net: NetName=PB13 Pin=J6-19
Added Pin To Net: NetName=PB13 Pin=U1-2
Added Net: Name=PB13
Added Pin To Net: NetName=PB14 Pin=J6-18
Added Pin To Net: NetName=PB14 Pin=U1-3
Added Net: Name=PB14
Added Pin To Net: NetName=PB15 Pin=J6-17
Added Pin To Net: NetName=PB15 Pin=U1-4
Added Net: Name=PB15
Added Pin To Net: NetName=PC13 Pin=J5-19
Added Pin To Net: NetName=PC13 Pin=U1-22
Added Net: Name=PC13
Added Pin To Net: NetName=PC14 Pin=J5-18
Added Pin To Net: NetName=PC14 Pin=U1-23
Added Net: Name=PC14
Added Pin To Net: NetName=PC15 Pin=J5-17
Added Pin To Net: NetName=PC15 Pin=U1-24
Added Net: Name=PC15
Added Member To Class: ClassName=Sensy_Boi_sch Member=Component J1 Data HDR 1x4 2.54mm
Added Member To Class: ClassName=Sensy_Boi_sch Member=Component J7 Jumper Pads
Added Member To Class: ClassName=Sensy_Boi_sch Member=Component J8 Jumper Pads
Added Member To Class: ClassName=Sensy_Boi_sch Member=Component J9 Jumper Pads
Added Member To Class: ClassName=Sensy_Boi_sch Member=Component R2 330O
Added Room: Name=Sensy_Boi_sch
